<?xml version="1.0" encoding="UTF-8"?>
<!-- Generated by org.testng.reporters.JUnitReportReporter -->
<testsuite hostname="Ariyan" failures="0" tests="1" name="FitPeo" time="38.920" errors="0" timestamp="2024-08-03T11:58:14 IST" skipped="0">
  <testcase classname="FitPeo" name="verifyRecurringReimbursement" time="38.920"/>
  <system-out/>
</testsuite> <!-- FitPeo -->
