<?xml version="1.0" encoding="UTF-8"?>
<!-- Generated by org.testng.reporters.JUnitReportReporter -->
<testsuite hostname="Ariyan" failures="0" tests="1" name="com.test.FitPeo" time="38.815" errors="0" timestamp="2024-08-03T12:20:30 IST" skipped="0">
  <testcase classname="com.test.FitPeo" name="verifyRecurringReimbursement" time="38.815"/>
  <system-out/>
</testsuite> <!-- com.test.FitPeo -->
